#
# There is insufficient memory for the Java Runtime Environment to continue.
# Native memory allocation (malloc) failed to allocate 1010896 bytes for Chunk::new
# Possible reasons:
#   The system is out of physical RAM or swap space
#   The process is running with CompressedOops enabled, and the Java Heap may be blocking the growth of the native heap
# Possible solutions:
#   Reduce memory load on the system
#   Increase physical memory or swap space
#   Check if swap backing store is full
#   Decrease Java heap size (-Xmx/-Xms)
#   Decrease number of Java threads
#   Decrease Java thread stack sizes (-Xss)
#   Set larger code cache with -XX:ReservedCodeCacheSize=
#   JVM is running with Unscaled Compressed Oops mode in which the Java heap is
#     placed in the first 4GB address space. The Java Heap base address is the
#     maximum limit for the native heap growth. Please use -XX:HeapBaseMinAddress
#     to set the Java Heap base and to place the Java Heap above 4GB virtual address.
# This output file may be truncated or incomplete.
#
#  Out of Memory Error (./open/src/hotspot/share/memory/arena.cpp:197), pid=11836, tid=8656
#
# JRE version: Java(TM) SE Runtime Environment 18.9 (11.0.15+8) (build 11.0.15+8-LTS-149)
# Java VM: Java HotSpot(TM) 64-Bit Server VM 18.9 (11.0.15+8-LTS-149, mixed mode, tiered, compressed oops, g1 gc, windows-amd64)
# No core dump will be written. Minidumps are not enabled by default on client versions of Windows
#

---------------  S U M M A R Y ------------

Command Line: -javaagent:C:\Program Files\JetBrains\IntelliJ IDEA Community Edition 2022.2.1\lib\idea_rt.jar=49895:C:\Program Files\JetBrains\IntelliJ IDEA Community Edition 2022.2.1\bin -Dfile.encoding=UTF-8 com.training.example.ConfigServerApplication

Host: Intel(R) Xeon(R) Platinum 8272CL CPU @ 2.60GHz, 2 cores, 7G,  Windows 10 , 64 bit Build 19041 (10.0.19041.1889)
Time: Mon Sep 12 08:40:36 2022 Coordinated Universal Time elapsed time: 40.488595 seconds (0d 0h 0m 40s)

---------------  T H R E A D  ---------------

Current thread (0x000001c1a8bc4000):  JavaThread "C2 CompilerThread0" daemon [_thread_in_native, id=8656, stack(0x0000008ddce00000,0x0000008ddcf00000)]


Current CompileTask:
C2:  40488 4233       4       java.lang.invoke.MethodType::makeImpl (108 bytes)

Stack: [0x0000008ddce00000,0x0000008ddcf00000]
Native frames: (J=compiled Java code, j=interpreted, Vv=VM code, C=native code)
V  [jvm.dll+0x629d8a]
V  [jvm.dll+0x7638ff]
V  [jvm.dll+0x764fa9]
V  [jvm.dll+0x765633]
V  [jvm.dll+0x23d9c8]
V  [jvm.dll+0xb2a1c]
V  [jvm.dll+0xb2fdc]
V  [jvm.dll+0x341047]
V  [jvm.dll+0x18cb19]
V  [jvm.dll+0x1f8672]
V  [jvm.dll+0x1f774d]
V  [jvm.dll+0x177c51]
V  [jvm.dll+0x207026]
V  [jvm.dll+0x2051bb]
V  [jvm.dll+0x729820]
V  [jvm.dll+0x7223f4]
V  [jvm.dll+0x628c26]
C  [ucrtbase.dll+0x21bb2]
C  [KERNEL32.DLL+0x17034]
C  [ntdll.dll+0x52651]


---------------  P R O C E S S  ---------------

Threads class SMR info:
_java_thread_list=0x000001c1adfd5520, length=18, elements={
0x000001c1a8bb4000, 0x000001c1a8bb5000, 0x000001c1a8bb0800, 0x000001c1a9542800,
0x000001c1a8bc1000, 0x000001c1a8bc4000, 0x000001c1a8bf6800, 0x000001c1a8bfa000,
0x000001c1899a7000, 0x000001c1a98f8800, 0x000001c1ab111800, 0x000001c1aaebd800,
0x000001c1ad3ef800, 0x000001c1ab40e000, 0x000001c1ab090800, 0x000001c1ac9c4000,
0x000001c1898ce000, 0x000001c1ad917800
}

Java Threads: ( => current thread )
  0x000001c1a8bb4000 JavaThread "Reference Handler" daemon [_thread_blocked, id=1896, stack(0x0000008ddc900000,0x0000008ddca00000)]
  0x000001c1a8bb5000 JavaThread "Finalizer" daemon [_thread_blocked, id=3236, stack(0x0000008ddca00000,0x0000008ddcb00000)]
  0x000001c1a8bb0800 JavaThread "Signal Dispatcher" daemon [_thread_blocked, id=2016, stack(0x0000008ddcb00000,0x0000008ddcc00000)]
  0x000001c1a9542800 JavaThread "Attach Listener" daemon [_thread_blocked, id=6544, stack(0x0000008ddcc00000,0x0000008ddcd00000)]
  0x000001c1a8bc1000 JavaThread "Service Thread" daemon [_thread_blocked, id=8944, stack(0x0000008ddcd00000,0x0000008ddce00000)]
=>0x000001c1a8bc4000 JavaThread "C2 CompilerThread0" daemon [_thread_in_native, id=8656, stack(0x0000008ddce00000,0x0000008ddcf00000)]
  0x000001c1a8bf6800 JavaThread "C1 CompilerThread0" daemon [_thread_blocked, id=8228, stack(0x0000008ddcf00000,0x0000008ddd000000)]
  0x000001c1a8bfa000 JavaThread "Sweeper thread" daemon [_thread_blocked, id=6508, stack(0x0000008ddd000000,0x0000008ddd100000)]
  0x000001c1899a7000 JavaThread "Common-Cleaner" daemon [_thread_blocked, id=9784, stack(0x0000008ddd100000,0x0000008ddd200000)]
  0x000001c1a98f8800 JavaThread "Monitor Ctrl-Break" daemon [_thread_in_native, id=100, stack(0x0000008ddd200000,0x0000008ddd300000)]
  0x000001c1ab111800 JavaThread "Catalina-utility-1" [_thread_blocked, id=2000, stack(0x0000008ddd500000,0x0000008ddd600000)]
  0x000001c1aaebd800 JavaThread "Catalina-utility-2" [_thread_blocked, id=2444, stack(0x0000008ddd600000,0x0000008ddd700000)]
  0x000001c1ad3ef800 JavaThread "container-0" [_thread_blocked, id=10596, stack(0x0000008ddd700000,0x0000008ddd800000)]
  0x000001c1ab40e000 JavaThread "spring.cloud.inetutils" daemon [_thread_blocked, id=8208, stack(0x0000008ddd800000,0x0000008ddd900000)]
  0x000001c1ab090800 JavaThread "http-nio-7777-Poller" daemon [_thread_in_native, id=9504, stack(0x0000008ddd900000,0x0000008ddda00000)]
  0x000001c1ac9c4000 JavaThread "http-nio-7777-Acceptor" daemon [_thread_in_native, id=7264, stack(0x0000008ddda00000,0x0000008dddb00000)]
  0x000001c1898ce000 JavaThread "DestroyJavaVM" [_thread_blocked, id=6956, stack(0x0000008ddc200000,0x0000008ddc300000)]
  0x000001c1ad917800 JavaThread "http-nio-7777-exec-1" daemon [_thread_in_native, id=4292, stack(0x0000008dddd00000,0x0000008ddde00000)]

Other Threads:
  0x000001c1a8ba0800 VMThread "VM Thread" [stack: 0x0000008ddc800000,0x0000008ddc900000] [id=8596]
  0x000001c1a9a5f000 WatcherThread [stack: 0x0000008ddd300000,0x0000008ddd400000] [id=11308]
  0x000001c1898e3800 GCTaskThread "GC Thread#0" [stack: 0x0000008ddc300000,0x0000008ddc400000] [id=3832]
  0x000001c1a9a60800 GCTaskThread "GC Thread#1" [stack: 0x0000008ddd400000,0x0000008ddd500000] [id=9056]
  0x000001c189913000 ConcurrentGCThread "G1 Main Marker" [stack: 0x0000008ddc400000,0x0000008ddc500000] [id=11648]
  0x000001c189915000 ConcurrentGCThread "G1 Conc#0" [stack: 0x0000008ddc500000,0x0000008ddc600000] [id=10280]
  0x000001c18999c800 ConcurrentGCThread "G1 Refine#0" [stack: 0x0000008ddc600000,0x0000008ddc700000] [id=8380]
  0x000001c18999e000 ConcurrentGCThread "G1 Young RemSet Sampling" [stack: 0x0000008ddc700000,0x0000008ddc800000] [id=11960]

Threads with active compile tasks:
C2 CompilerThread0  40518 4233       4       java.lang.invoke.MethodType::makeImpl (108 bytes)

VM state:not at safepoint (normal execution)

VM Mutex/Monitor currently owned by a thread: None

Heap address: 0x0000000080000000, size: 2048 MB, Compressed Oops mode: 32-bit
Narrow klass base: 0x0000000000000000, Narrow klass shift: 3
Compressed class space size: 1073741824 Address: 0x0000000100000000

Heap:
 garbage-first heap   total 189440K, used 23264K [0x0000000080000000, 0x0000000100000000)
  region size 1024K, 16 young (16384K), 9 survivors (9216K)
 Metaspace       used 44003K, capacity 45132K, committed 45392K, reserved 1089536K
  class space    used 5271K, capacity 5753K, committed 5760K, reserved 1048576K
Heap Regions: E=young(eden), S=young(survivor), O=old, HS=humongous(starts), HC=humongous(continues), CS=collection set, F=free, A=archive, TAMS=top-at-mark-start (previous, next)
|   0|0x0000000080000000, 0x0000000080100000, 0x0000000080100000|100%| O|  |TAMS 0x0000000080100000, 0x0000000080000000| Untracked 
|   1|0x0000000080100000, 0x0000000080200000, 0x0000000080200000|100%| O|  |TAMS 0x0000000080200000, 0x0000000080100000| Untracked 
|   2|0x0000000080200000, 0x0000000080300000, 0x0000000080300000|100%| O|  |TAMS 0x0000000080300000, 0x0000000080200000| Untracked 
|   3|0x0000000080300000, 0x0000000080400000, 0x0000000080400000|100%| O|  |TAMS 0x0000000080400000, 0x0000000080300000| Untracked 
|   4|0x0000000080400000, 0x0000000080500000, 0x0000000080500000|100%| O|  |TAMS 0x0000000080500000, 0x0000000080400000| Untracked 
|   5|0x0000000080500000, 0x0000000080600000, 0x0000000080600000|100%| O|  |TAMS 0x0000000080600000, 0x0000000080500000| Untracked 
|   6|0x0000000080600000, 0x0000000080700000, 0x0000000080700000|100%| O|  |TAMS 0x0000000080700000, 0x0000000080600000| Untracked 
|   7|0x0000000080700000, 0x0000000080800000, 0x0000000080800000|100%| O|  |TAMS 0x0000000080726a00, 0x0000000080700000| Untracked 
|   8|0x0000000080800000, 0x0000000080800000, 0x0000000080900000|  0%| F|  |TAMS 0x0000000080800000, 0x0000000080800000| Untracked 
|   9|0x0000000080900000, 0x0000000080900000, 0x0000000080a00000|  0%| F|  |TAMS 0x0000000080900000, 0x0000000080900000| Untracked 
|  10|0x0000000080a00000, 0x0000000080a00000, 0x0000000080b00000|  0%| F|  |TAMS 0x0000000080a00000, 0x0000000080a00000| Untracked 
|  11|0x0000000080b00000, 0x0000000080b00000, 0x0000000080c00000|  0%| F|  |TAMS 0x0000000080b00000, 0x0000000080b00000| Untracked 
|  12|0x0000000080c00000, 0x0000000080c00000, 0x0000000080d00000|  0%| F|  |TAMS 0x0000000080c00000, 0x0000000080c00000| Untracked 
|  13|0x0000000080d00000, 0x0000000080d38200, 0x0000000080e00000| 21%| O|  |TAMS 0x0000000080d00000, 0x0000000080d00000| Untracked 
|  14|0x0000000080e00000, 0x0000000080e00000, 0x0000000080f00000|  0%| F|  |TAMS 0x0000000080e00000, 0x0000000080e00000| Untracked 
|  15|0x0000000080f00000, 0x0000000080f00000, 0x0000000081000000|  0%| F|  |TAMS 0x0000000080f00000, 0x0000000080f00000| Untracked 
|  16|0x0000000081000000, 0x0000000081000000, 0x0000000081100000|  0%| F|  |TAMS 0x0000000081000000, 0x0000000081000000| Untracked 
|  17|0x0000000081100000, 0x0000000081100000, 0x0000000081200000|  0%| F|  |TAMS 0x0000000081100000, 0x0000000081100000| Untracked 
|  18|0x0000000081200000, 0x0000000081200000, 0x0000000081300000|  0%| F|  |TAMS 0x0000000081200000, 0x0000000081200000| Untracked 
|  19|0x0000000081300000, 0x0000000081300000, 0x0000000081400000|  0%| F|  |TAMS 0x0000000081300000, 0x0000000081300000| Untracked 
|  20|0x0000000081400000, 0x0000000081400000, 0x0000000081500000|  0%| F|  |TAMS 0x0000000081400000, 0x0000000081400000| Untracked 
|  21|0x0000000081500000, 0x0000000081500000, 0x0000000081600000|  0%| F|  |TAMS 0x0000000081500000, 0x0000000081500000| Untracked 
|  22|0x0000000081600000, 0x0000000081600000, 0x0000000081700000|  0%| F|  |TAMS 0x0000000081600000, 0x0000000081600000| Untracked 
|  23|0x0000000081700000, 0x0000000081700000, 0x0000000081800000|  0%| F|  |TAMS 0x0000000081700000, 0x0000000081700000| Untracked 
|  24|0x0000000081800000, 0x0000000081800000, 0x0000000081900000|  0%| F|  |TAMS 0x0000000081800000, 0x0000000081800000| Untracked 
|  25|0x0000000081900000, 0x0000000081900000, 0x0000000081a00000|  0%| F|  |TAMS 0x0000000081900000, 0x0000000081900000| Untracked 
|  26|0x0000000081a00000, 0x0000000081a00000, 0x0000000081b00000|  0%| F|  |TAMS 0x0000000081a00000, 0x0000000081a00000| Untracked 
|  27|0x0000000081b00000, 0x0000000081b00000, 0x0000000081c00000|  0%| F|  |TAMS 0x0000000081b00000, 0x0000000081b00000| Untracked 
|  28|0x0000000081c00000, 0x0000000081c00000, 0x0000000081d00000|  0%| F|  |TAMS 0x0000000081c00000, 0x0000000081c00000| Untracked 
|  29|0x0000000081d00000, 0x0000000081d00000, 0x0000000081e00000|  0%| F|  |TAMS 0x0000000081d00000, 0x0000000081d00000| Untracked 
|  30|0x0000000081e00000, 0x0000000081e00000, 0x0000000081f00000|  0%| F|  |TAMS 0x0000000081e00000, 0x0000000081e00000| Untracked 
|  31|0x0000000081f00000, 0x0000000081f00000, 0x0000000082000000|  0%| F|  |TAMS 0x0000000081f00000, 0x0000000081f00000| Untracked 
|  32|0x0000000082000000, 0x0000000082000000, 0x0000000082100000|  0%| F|  |TAMS 0x0000000082000000, 0x0000000082000000| Untracked 
|  33|0x0000000082100000, 0x0000000082100000, 0x0000000082200000|  0%| F|  |TAMS 0x0000000082100000, 0x0000000082100000| Untracked 
|  34|0x0000000082200000, 0x0000000082200000, 0x0000000082300000|  0%| F|  |TAMS 0x0000000082200000, 0x0000000082200000| Untracked 
|  35|0x0000000082300000, 0x0000000082300000, 0x0000000082400000|  0%| F|  |TAMS 0x0000000082300000, 0x0000000082300000| Untracked 
|  36|0x0000000082400000, 0x0000000082400000, 0x0000000082500000|  0%| F|  |TAMS 0x0000000082400000, 0x0000000082400000| Untracked 
|  37|0x0000000082500000, 0x0000000082500000, 0x0000000082600000|  0%| F|  |TAMS 0x0000000082500000, 0x0000000082500000| Untracked 
|  38|0x0000000082600000, 0x0000000082600000, 0x0000000082700000|  0%| F|  |TAMS 0x0000000082600000, 0x0000000082600000| Untracked 
|  39|0x0000000082700000, 0x0000000082700000, 0x0000000082800000|  0%| F|  |TAMS 0x0000000082700000, 0x0000000082700000| Untracked 
|  40|0x0000000082800000, 0x0000000082800000, 0x0000000082900000|  0%| F|  |TAMS 0x0000000082800000, 0x0000000082800000| Untracked 
|  41|0x0000000082900000, 0x0000000082900000, 0x0000000082a00000|  0%| F|  |TAMS 0x0000000082900000, 0x0000000082900000| Untracked 
|  42|0x0000000082a00000, 0x0000000082a00000, 0x0000000082b00000|  0%| F|  |TAMS 0x0000000082a00000, 0x0000000082a00000| Untracked 
|  43|0x0000000082b00000, 0x0000000082b00000, 0x0000000082c00000|  0%| F|  |TAMS 0x0000000082b00000, 0x0000000082b00000| Untracked 
|  44|0x0000000082c00000, 0x0000000082c00000, 0x0000000082d00000|  0%| F|  |TAMS 0x0000000082c00000, 0x0000000082c00000| Untracked 
|  45|0x0000000082d00000, 0x0000000082d00000, 0x0000000082e00000|  0%| F|  |TAMS 0x0000000082d00000, 0x0000000082d00000| Untracked 
|  46|0x0000000082e00000, 0x0000000082e00000, 0x0000000082f00000|  0%| F|  |TAMS 0x0000000082e00000, 0x0000000082e00000| Untracked 
|  47|0x0000000082f00000, 0x0000000082f00000, 0x0000000083000000|  0%| F|  |TAMS 0x0000000082f00000, 0x0000000082f00000| Untracked 
|  48|0x0000000083000000, 0x0000000083000000, 0x0000000083100000|  0%| F|  |TAMS 0x0000000083000000, 0x0000000083000000| Untracked 
|  49|0x0000000083100000, 0x0000000083100000, 0x0000000083200000|  0%| F|  |TAMS 0x0000000083100000, 0x0000000083100000| Untracked 
|  50|0x0000000083200000, 0x0000000083200000, 0x0000000083300000|  0%| F|  |TAMS 0x0000000083200000, 0x0000000083200000| Untracked 
|  51|0x0000000083300000, 0x0000000083300000, 0x0000000083400000|  0%| F|  |TAMS 0x0000000083300000, 0x0000000083300000| Untracked 
|  52|0x0000000083400000, 0x0000000083400000, 0x0000000083500000|  0%| F|  |TAMS 0x0000000083400000, 0x0000000083400000| Untracked 
|  53|0x0000000083500000, 0x0000000083500000, 0x0000000083600000|  0%| F|  |TAMS 0x0000000083500000, 0x0000000083500000| Untracked 
|  54|0x0000000083600000, 0x0000000083600000, 0x0000000083700000|  0%| F|  |TAMS 0x0000000083600000, 0x0000000083600000| Untracked 
|  55|0x0000000083700000, 0x0000000083700000, 0x0000000083800000|  0%| F|  |TAMS 0x0000000083700000, 0x0000000083700000| Untracked 
|  56|0x0000000083800000, 0x0000000083800000, 0x0000000083900000|  0%| F|  |TAMS 0x0000000083800000, 0x0000000083800000| Untracked 
|  57|0x0000000083900000, 0x0000000083900000, 0x0000000083a00000|  0%| F|  |TAMS 0x0000000083900000, 0x0000000083900000| Untracked 
|  58|0x0000000083a00000, 0x0000000083a00000, 0x0000000083b00000|  0%| F|  |TAMS 0x0000000083a00000, 0x0000000083a00000| Untracked 
|  59|0x0000000083b00000, 0x0000000083b00000, 0x0000000083c00000|  0%| F|  |TAMS 0x0000000083b00000, 0x0000000083b00000| Untracked 
|  60|0x0000000083c00000, 0x0000000083c00000, 0x0000000083d00000|  0%| F|  |TAMS 0x0000000083c00000, 0x0000000083c00000| Untracked 
|  61|0x0000000083d00000, 0x0000000083d00000, 0x0000000083e00000|  0%| F|  |TAMS 0x0000000083d00000, 0x0000000083d00000| Untracked 
|  62|0x0000000083e00000, 0x0000000083e00000, 0x0000000083f00000|  0%| F|  |TAMS 0x0000000083e00000, 0x0000000083e00000| Untracked 
|  63|0x0000000083f00000, 0x0000000083f00000, 0x0000000084000000|  0%| F|  |TAMS 0x0000000083f00000, 0x0000000083f00000| Untracked 
|  64|0x0000000084000000, 0x0000000084000000, 0x0000000084100000|  0%| F|  |TAMS 0x0000000084000000, 0x0000000084000000| Untracked 
|  65|0x0000000084100000, 0x0000000084100000, 0x0000000084200000|  0%| F|  |TAMS 0x0000000084100000, 0x0000000084100000| Untracked 
|  66|0x0000000084200000, 0x0000000084200000, 0x0000000084300000|  0%| F|  |TAMS 0x0000000084200000, 0x0000000084200000| Untracked 
|  67|0x0000000084300000, 0x0000000084300000, 0x0000000084400000|  0%| F|  |TAMS 0x0000000084300000, 0x0000000084300000| Untracked 
|  68|0x0000000084400000, 0x0000000084400000, 0x0000000084500000|  0%| F|  |TAMS 0x0000000084400000, 0x0000000084400000| Untracked 
|  69|0x0000000084500000, 0x0000000084500000, 0x0000000084600000|  0%| F|  |TAMS 0x0000000084500000, 0x0000000084500000| Untracked 
|  70|0x0000000084600000, 0x0000000084600000, 0x0000000084700000|  0%| F|  |TAMS 0x0000000084600000, 0x0000000084600000| Untracked 
|  71|0x0000000084700000, 0x0000000084700000, 0x0000000084800000|  0%| F|  |TAMS 0x0000000084700000, 0x0000000084700000| Untracked 
|  72|0x0000000084800000, 0x0000000084800000, 0x0000000084900000|  0%| F|  |TAMS 0x0000000084800000, 0x0000000084800000| Untracked 
|  73|0x0000000084900000, 0x0000000084900000, 0x0000000084a00000|  0%| F|  |TAMS 0x0000000084900000, 0x0000000084900000| Untracked 
|  74|0x0000000084a00000, 0x0000000084a80000, 0x0000000084b00000| 50%| S|CS|TAMS 0x0000000084a00000, 0x0000000084a00000| Complete 
|  75|0x0000000084b00000, 0x0000000084c00000, 0x0000000084c00000|100%| S|CS|TAMS 0x0000000084b00000, 0x0000000084b00000| Complete 
|  76|0x0000000084c00000, 0x0000000084d00000, 0x0000000084d00000|100%| S|CS|TAMS 0x0000000084c00000, 0x0000000084c00000| Complete 
|  77|0x0000000084d00000, 0x0000000084e00000, 0x0000000084e00000|100%| S|CS|TAMS 0x0000000084d00000, 0x0000000084d00000| Complete 
|  78|0x0000000084e00000, 0x0000000084f00000, 0x0000000084f00000|100%| S|CS|TAMS 0x0000000084e00000, 0x0000000084e00000| Complete 
|  79|0x0000000084f00000, 0x0000000085000000, 0x0000000085000000|100%| S|CS|TAMS 0x0000000084f00000, 0x0000000084f00000| Complete 
|  80|0x0000000085000000, 0x0000000085100000, 0x0000000085100000|100%| S|CS|TAMS 0x0000000085000000, 0x0000000085000000| Complete 
|  81|0x0000000085100000, 0x0000000085200000, 0x0000000085200000|100%| S|CS|TAMS 0x0000000085100000, 0x0000000085100000| Complete 
|  82|0x0000000085200000, 0x0000000085300000, 0x0000000085300000|100%| S|CS|TAMS 0x0000000085200000, 0x0000000085200000| Complete 
|  83|0x0000000085300000, 0x0000000085300000, 0x0000000085400000|  0%| F|  |TAMS 0x0000000085300000, 0x0000000085300000| Untracked 
|  84|0x0000000085400000, 0x0000000085400000, 0x0000000085500000|  0%| F|  |TAMS 0x0000000085400000, 0x0000000085400000| Untracked 
|  85|0x0000000085500000, 0x0000000085500000, 0x0000000085600000|  0%| F|  |TAMS 0x0000000085500000, 0x0000000085500000| Untracked 
|  86|0x0000000085600000, 0x0000000085600000, 0x0000000085700000|  0%| F|  |TAMS 0x0000000085600000, 0x0000000085600000| Untracked 
|  87|0x0000000085700000, 0x0000000085700000, 0x0000000085800000|  0%| F|  |TAMS 0x0000000085700000, 0x0000000085700000| Untracked 
|  88|0x0000000085800000, 0x0000000085800000, 0x0000000085900000|  0%| F|  |TAMS 0x0000000085800000, 0x0000000085800000| Untracked 
|  89|0x0000000085900000, 0x0000000085900000, 0x0000000085a00000|  0%| F|  |TAMS 0x0000000085900000, 0x0000000085900000| Untracked 
|  90|0x0000000085a00000, 0x0000000085a00000, 0x0000000085b00000|  0%| F|  |TAMS 0x0000000085a00000, 0x0000000085a00000| Untracked 
|  91|0x0000000085b00000, 0x0000000085b00000, 0x0000000085c00000|  0%| F|  |TAMS 0x0000000085b00000, 0x0000000085b00000| Untracked 
|  92|0x0000000085c00000, 0x0000000085c00000, 0x0000000085d00000|  0%| F|  |TAMS 0x0000000085c00000, 0x0000000085c00000| Untracked 
|  93|0x0000000085d00000, 0x0000000085d00000, 0x0000000085e00000|  0%| F|  |TAMS 0x0000000085d00000, 0x0000000085d00000| Untracked 
|  94|0x0000000085e00000, 0x0000000085e00000, 0x0000000085f00000|  0%| F|  |TAMS 0x0000000085e00000, 0x0000000085e00000| Untracked 
|  95|0x0000000085f00000, 0x0000000085f00000, 0x0000000086000000|  0%| F|  |TAMS 0x0000000085f00000, 0x0000000085f00000| Untracked 
|  96|0x0000000086000000, 0x0000000086000000, 0x0000000086100000|  0%| F|  |TAMS 0x0000000086000000, 0x0000000086000000| Untracked 
|  97|0x0000000086100000, 0x0000000086100000, 0x0000000086200000|  0%| F|  |TAMS 0x0000000086100000, 0x0000000086100000| Untracked 
|  98|0x0000000086200000, 0x0000000086200000, 0x0000000086300000|  0%| F|  |TAMS 0x0000000086200000, 0x0000000086200000| Untracked 
|  99|0x0000000086300000, 0x0000000086300000, 0x0000000086400000|  0%| F|  |TAMS 0x0000000086300000, 0x0000000086300000| Untracked 
| 100|0x0000000086400000, 0x0000000086400000, 0x0000000086500000|  0%| F|  |TAMS 0x0000000086400000, 0x0000000086400000| Untracked 
| 101|0x0000000086500000, 0x0000000086500000, 0x0000000086600000|  0%| F|  |TAMS 0x0000000086500000, 0x0000000086500000| Untracked 
| 102|0x0000000086600000, 0x0000000086600000, 0x0000000086700000|  0%| F|  |TAMS 0x0000000086600000, 0x0000000086600000| Untracked 
| 103|0x0000000086700000, 0x0000000086700000, 0x0000000086800000|  0%| F|  |TAMS 0x0000000086700000, 0x0000000086700000| Untracked 
| 104|0x0000000086800000, 0x0000000086800000, 0x0000000086900000|  0%| F|  |TAMS 0x0000000086800000, 0x0000000086800000| Untracked 
| 105|0x0000000086900000, 0x0000000086900000, 0x0000000086a00000|  0%| F|  |TAMS 0x0000000086900000, 0x0000000086900000| Untracked 
| 106|0x0000000086a00000, 0x0000000086a00000, 0x0000000086b00000|  0%| F|  |TAMS 0x0000000086a00000, 0x0000000086a00000| Untracked 
| 107|0x0000000086b00000, 0x0000000086b00000, 0x0000000086c00000|  0%| F|  |TAMS 0x0000000086b00000, 0x0000000086b00000| Untracked 
| 108|0x0000000086c00000, 0x0000000086c00000, 0x0000000086d00000|  0%| F|  |TAMS 0x0000000086c00000, 0x0000000086c00000| Untracked 
| 109|0x0000000086d00000, 0x0000000086d00000, 0x0000000086e00000|  0%| F|  |TAMS 0x0000000086d00000, 0x0000000086d00000| Untracked 
| 110|0x0000000086e00000, 0x0000000086e00000, 0x0000000086f00000|  0%| F|  |TAMS 0x0000000086e00000, 0x0000000086e00000| Untracked 
| 111|0x0000000086f00000, 0x0000000086f00000, 0x0000000087000000|  0%| F|  |TAMS 0x0000000086f00000, 0x0000000086f00000| Untracked 
| 112|0x0000000087000000, 0x0000000087000000, 0x0000000087100000|  0%| F|  |TAMS 0x0000000087000000, 0x0000000087000000| Untracked 
| 113|0x0000000087100000, 0x0000000087100000, 0x0000000087200000|  0%| F|  |TAMS 0x0000000087100000, 0x0000000087100000| Untracked 
| 114|0x0000000087200000, 0x0000000087200000, 0x0000000087300000|  0%| F|  |TAMS 0x0000000087200000, 0x0000000087200000| Untracked 
| 115|0x0000000087300000, 0x0000000087300000, 0x0000000087400000|  0%| F|  |TAMS 0x0000000087300000, 0x0000000087300000| Untracked 
| 116|0x0000000087400000, 0x0000000087400000, 0x0000000087500000|  0%| F|  |TAMS 0x0000000087400000, 0x0000000087400000| Untracked 
| 117|0x0000000087500000, 0x0000000087500000, 0x0000000087600000|  0%| F|  |TAMS 0x0000000087500000, 0x0000000087500000| Untracked 
| 118|0x0000000087600000, 0x0000000087600000, 0x0000000087700000|  0%| F|  |TAMS 0x0000000087600000, 0x0000000087600000| Untracked 
| 119|0x0000000087700000, 0x0000000087700000, 0x0000000087800000|  0%| F|  |TAMS 0x0000000087700000, 0x0000000087700000| Untracked 
| 120|0x0000000087800000, 0x0000000087800000, 0x0000000087900000|  0%| F|  |TAMS 0x0000000087800000, 0x0000000087800000| Untracked 
| 121|0x0000000087900000, 0x0000000087900000, 0x0000000087a00000|  0%| F|  |TAMS 0x0000000087900000, 0x0000000087900000| Untracked 
| 122|0x0000000087a00000, 0x0000000087a00000, 0x0000000087b00000|  0%| F|  |TAMS 0x0000000087a00000, 0x0000000087a00000| Untracked 
| 123|0x0000000087b00000, 0x0000000087b00000, 0x0000000087c00000|  0%| F|  |TAMS 0x0000000087b00000, 0x0000000087b00000| Untracked 
| 124|0x0000000087c00000, 0x0000000087c00000, 0x0000000087d00000|  0%| F|  |TAMS 0x0000000087c00000, 0x0000000087c00000| Untracked 
| 125|0x0000000087d00000, 0x0000000087d00000, 0x0000000087e00000|  0%| F|  |TAMS 0x0000000087d00000, 0x0000000087d00000| Untracked 
| 126|0x0000000087e00000, 0x0000000087e00000, 0x0000000087f00000|  0%| F|  |TAMS 0x0000000087e00000, 0x0000000087e00000| Untracked 
| 127|0x0000000087f00000, 0x0000000087f00000, 0x0000000088000000|  0%| F|  |TAMS 0x0000000087f00000, 0x0000000087f00000| Untracked 
| 128|0x0000000088000000, 0x0000000088000000, 0x0000000088100000|  0%| F|  |TAMS 0x0000000088000000, 0x0000000088000000| Untracked 
| 129|0x0000000088100000, 0x0000000088100000, 0x0000000088200000|  0%| F|  |TAMS 0x0000000088100000, 0x0000000088100000| Untracked 
| 130|0x0000000088200000, 0x0000000088200000, 0x0000000088300000|  0%| F|  |TAMS 0x0000000088200000, 0x0000000088200000| Untracked 
| 131|0x0000000088300000, 0x0000000088300000, 0x0000000088400000|  0%| F|  |TAMS 0x0000000088300000, 0x0000000088300000| Untracked 
| 132|0x0000000088400000, 0x0000000088400000, 0x0000000088500000|  0%| F|  |TAMS 0x0000000088400000, 0x0000000088400000| Untracked 
| 133|0x0000000088500000, 0x0000000088500000, 0x0000000088600000|  0%| F|  |TAMS 0x0000000088500000, 0x0000000088500000| Untracked 
| 134|0x0000000088600000, 0x0000000088600000, 0x0000000088700000|  0%| F|  |TAMS 0x0000000088600000, 0x0000000088600000| Untracked 
| 135|0x0000000088700000, 0x0000000088700000, 0x0000000088800000|  0%| F|  |TAMS 0x0000000088700000, 0x0000000088700000| Untracked 
| 136|0x0000000088800000, 0x0000000088800000, 0x0000000088900000|  0%| F|  |TAMS 0x0000000088800000, 0x0000000088800000| Untracked 
| 137|0x0000000088900000, 0x0000000088900000, 0x0000000088a00000|  0%| F|  |TAMS 0x0000000088900000, 0x0000000088900000| Untracked 
| 138|0x0000000088a00000, 0x0000000088a00000, 0x0000000088b00000|  0%| F|  |TAMS 0x0000000088a00000, 0x0000000088a00000| Untracked 
| 139|0x0000000088b00000, 0x0000000088b00000, 0x0000000088c00000|  0%| F|  |TAMS 0x0000000088b00000, 0x0000000088b00000| Untracked 
| 140|0x0000000088c00000, 0x0000000088c00000, 0x0000000088d00000|  0%| F|  |TAMS 0x0000000088c00000, 0x0000000088c00000| Untracked 
| 141|0x0000000088d00000, 0x0000000088d00000, 0x0000000088e00000|  0%| F|  |TAMS 0x0000000088d00000, 0x0000000088d00000| Untracked 
| 142|0x0000000088e00000, 0x0000000088e00000, 0x0000000088f00000|  0%| F|  |TAMS 0x0000000088e00000, 0x0000000088e00000| Untracked 
| 143|0x0000000088f00000, 0x0000000088f00000, 0x0000000089000000|  0%| F|  |TAMS 0x0000000088f00000, 0x0000000088f00000| Untracked 
| 144|0x0000000089000000, 0x0000000089000000, 0x0000000089100000|  0%| F|  |TAMS 0x0000000089000000, 0x0000000089000000| Untracked 
| 145|0x0000000089100000, 0x0000000089100000, 0x0000000089200000|  0%| F|  |TAMS 0x0000000089100000, 0x0000000089100000| Untracked 
| 146|0x0000000089200000, 0x0000000089200000, 0x0000000089300000|  0%| F|  |TAMS 0x0000000089200000, 0x0000000089200000| Untracked 
| 147|0x0000000089300000, 0x0000000089300000, 0x0000000089400000|  0%| F|  |TAMS 0x0000000089300000, 0x0000000089300000| Untracked 
| 148|0x0000000089400000, 0x0000000089400000, 0x0000000089500000|  0%| F|  |TAMS 0x0000000089400000, 0x0000000089400000| Untracked 
| 149|0x0000000089500000, 0x0000000089500000, 0x0000000089600000|  0%| F|  |TAMS 0x0000000089500000, 0x0000000089500000| Untracked 
| 150|0x0000000089600000, 0x0000000089600000, 0x0000000089700000|  0%| F|  |TAMS 0x0000000089600000, 0x0000000089600000| Untracked 
| 151|0x0000000089700000, 0x0000000089700000, 0x0000000089800000|  0%| F|  |TAMS 0x0000000089700000, 0x0000000089700000| Untracked 
| 152|0x0000000089800000, 0x0000000089800000, 0x0000000089900000|  0%| F|  |TAMS 0x0000000089800000, 0x0000000089800000| Untracked 
| 153|0x0000000089900000, 0x0000000089900000, 0x0000000089a00000|  0%| F|  |TAMS 0x0000000089900000, 0x0000000089900000| Untracked 
| 154|0x0000000089a00000, 0x0000000089a00000, 0x0000000089b00000|  0%| F|  |TAMS 0x0000000089a00000, 0x0000000089a00000| Untracked 
| 155|0x0000000089b00000, 0x0000000089b00000, 0x0000000089c00000|  0%| F|  |TAMS 0x0000000089b00000, 0x0000000089b00000| Untracked 
| 156|0x0000000089c00000, 0x0000000089c00000, 0x0000000089d00000|  0%| F|  |TAMS 0x0000000089c00000, 0x0000000089c00000| Untracked 
| 157|0x0000000089d00000, 0x0000000089d00000, 0x0000000089e00000|  0%| F|  |TAMS 0x0000000089d00000, 0x0000000089d00000| Untracked 
| 158|0x0000000089e00000, 0x0000000089e00000, 0x0000000089f00000|  0%| F|  |TAMS 0x0000000089e00000, 0x0000000089e00000| Untracked 
| 159|0x0000000089f00000, 0x0000000089f00000, 0x000000008a000000|  0%| F|  |TAMS 0x0000000089f00000, 0x0000000089f00000| Untracked 
| 160|0x000000008a000000, 0x000000008a000000, 0x000000008a100000|  0%| F|  |TAMS 0x000000008a000000, 0x000000008a000000| Untracked 
| 161|0x000000008a100000, 0x000000008a100000, 0x000000008a200000|  0%| F|  |TAMS 0x000000008a100000, 0x000000008a100000| Untracked 
| 162|0x000000008a200000, 0x000000008a200000, 0x000000008a300000|  0%| F|  |TAMS 0x000000008a200000, 0x000000008a200000| Untracked 
| 163|0x000000008a300000, 0x000000008a300000, 0x000000008a400000|  0%| F|  |TAMS 0x000000008a300000, 0x000000008a300000| Untracked 
| 164|0x000000008a400000, 0x000000008a400000, 0x000000008a500000|  0%| F|  |TAMS 0x000000008a400000, 0x000000008a400000| Untracked 
| 165|0x000000008a500000, 0x000000008a500000, 0x000000008a600000|  0%| F|  |TAMS 0x000000008a500000, 0x000000008a500000| Untracked 
| 166|0x000000008a600000, 0x000000008a600000, 0x000000008a700000|  0%| F|  |TAMS 0x000000008a600000, 0x000000008a600000| Untracked 
| 167|0x000000008a700000, 0x000000008a700000, 0x000000008a800000|  0%| F|  |TAMS 0x000000008a700000, 0x000000008a700000| Untracked 
| 168|0x000000008a800000, 0x000000008a800000, 0x000000008a900000|  0%| F|  |TAMS 0x000000008a800000, 0x000000008a800000| Untracked 
| 169|0x000000008a900000, 0x000000008a900000, 0x000000008aa00000|  0%| F|  |TAMS 0x000000008a900000, 0x000000008a900000| Untracked 
| 170|0x000000008aa00000, 0x000000008aa00000, 0x000000008ab00000|  0%| F|  |TAMS 0x000000008aa00000, 0x000000008aa00000| Untracked 
| 171|0x000000008ab00000, 0x000000008ab00000, 0x000000008ac00000|  0%| F|  |TAMS 0x000000008ab00000, 0x000000008ab00000| Untracked 
| 172|0x000000008ac00000, 0x000000008ac00000, 0x000000008ad00000|  0%| F|  |TAMS 0x000000008ac00000, 0x000000008ac00000| Untracked 
| 173|0x000000008ad00000, 0x000000008ad00000, 0x000000008ae00000|  0%| F|  |TAMS 0x000000008ad00000, 0x000000008ad00000| Untracked 
| 174|0x000000008ae00000, 0x000000008ae00000, 0x000000008af00000|  0%| F|  |TAMS 0x000000008ae00000, 0x000000008ae00000| Untracked 
| 175|0x000000008af00000, 0x000000008af00000, 0x000000008b000000|  0%| F|  |TAMS 0x000000008af00000, 0x000000008af00000| Untracked 
| 176|0x000000008b000000, 0x000000008b000000, 0x000000008b100000|  0%| F|  |TAMS 0x000000008b000000, 0x000000008b000000| Untracked 
| 177|0x000000008b100000, 0x000000008b100000, 0x000000008b200000|  0%| F|  |TAMS 0x000000008b100000, 0x000000008b100000| Untracked 
| 178|0x000000008b200000, 0x000000008b300000, 0x000000008b300000|100%| E|  |TAMS 0x000000008b200000, 0x000000008b200000| Complete 
| 179|0x000000008b300000, 0x000000008b400000, 0x000000008b400000|100%| E|CS|TAMS 0x000000008b300000, 0x000000008b300000| Complete 
| 180|0x000000008b400000, 0x000000008b500000, 0x000000008b500000|100%| E|CS|TAMS 0x000000008b400000, 0x000000008b400000| Complete 
| 181|0x000000008b500000, 0x000000008b600000, 0x000000008b600000|100%| E|CS|TAMS 0x000000008b500000, 0x000000008b500000| Complete 
| 182|0x000000008b600000, 0x000000008b700000, 0x000000008b700000|100%| E|CS|TAMS 0x000000008b600000, 0x000000008b600000| Complete 
| 183|0x000000008b700000, 0x000000008b800000, 0x000000008b800000|100%| E|CS|TAMS 0x000000008b700000, 0x000000008b700000| Complete 
| 184|0x000000008b800000, 0x000000008b900000, 0x000000008b900000|100%| E|CS|TAMS 0x000000008b800000, 0x000000008b800000| Complete 

Card table byte_map: [0x000001c1a1f90000,0x000001c1a2390000] _byte_map_base: 0x000001c1a1b90000

Marking Bits (Prev, Next): (CMBitMap*) 0x000001c189909f08, (CMBitMap*) 0x000001c189909f40
 Prev Bits: [0x000001c1a2790000, 0x000001c1a4790000)
 Next Bits: [0x000001c1a4790000, 0x000001c1a6790000)

Polling page: 0x000001c1899b0000

Metaspace:

Usage:
  Non-class:     38.46 MB capacity,    37.82 MB ( 98%) used,   501.97 KB (  1%) free+waste,   144.81 KB ( <1%) overhead. 
      Class:      5.62 MB capacity,     5.15 MB ( 92%) used,   412.19 KB (  7%) free+waste,    69.56 KB (  1%) overhead. 
       Both:     44.07 MB capacity,    42.97 MB ( 97%) used,   914.16 KB (  2%) free+waste,   214.38 KB ( <1%) overhead. 

Virtual space:
  Non-class space:       40.00 MB reserved,      38.70 MB ( 97%) committed 
      Class space:        1.00 GB reserved,       5.63 MB ( <1%) committed 
             Both:        1.04 GB reserved,      44.33 MB (  4%) committed 

Chunk freelists:
   Non-Class:  0 bytes
       Class:  896 bytes
        Both:  896 bytes

CodeHeap 'non-profiled nmethods': size=120064Kb used=1960Kb max_used=1960Kb free=118103Kb
 bounds [0x000001c19a250000, 0x000001c19a4c0000, 0x000001c1a1790000]
CodeHeap 'profiled nmethods': size=120000Kb used=8780Kb max_used=8780Kb free=111219Kb
 bounds [0x000001c192d20000, 0x000001c1935c0000, 0x000001c19a250000]
CodeHeap 'non-nmethods': size=5696Kb used=1168Kb max_used=1209Kb free=4528Kb
 bounds [0x000001c192790000, 0x000001c192a00000, 0x000001c192d20000]
 total_blobs=4728 nmethods=4234 adapters=405
 compilation: enabled
              stopped_count=0, restarted_count=0
 full_count=0

Compilation events (10 events):
Event: 40.142 Thread 0x000001c1a8bf6800 4247       3       org.springframework.core.convert.TypeDescriptor::getAnnotations (8 bytes)
Event: 40.143 Thread 0x000001c1a8bf6800 nmethod 4247 0x000001c1935b2390 code [0x000001c1935b2560, 0x000001c1935b2968]
Event: 40.143 Thread 0x000001c1a8bf6800 4248       3       org.springframework.core.ResolvableType::<init> (39 bytes)
Event: 40.143 Thread 0x000001c1a8bf6800 nmethod 4248 0x000001c1935b2a90 code [0x000001c1935b2c40, 0x000001c1935b2fe8]
Event: 40.229 Thread 0x000001c1a8bc4000 nmethod 4230 0x000001c19a433b10 code [0x000001c19a433e80, 0x000001c19a4368e8]
Event: 40.230 Thread 0x000001c1a8bc4000 4240 %     4       java.util.Properties$LineReader::readLine @ 53 (584 bytes)
Event: 40.275 Thread 0x000001c1a8bc4000 nmethod 4240% 0x000001c19a437810 code [0x000001c19a437a60, 0x000001c19a438ef0]
Event: 40.275 Thread 0x000001c1a8bc4000 4234       4       org.springframework.boot.context.properties.source.ConfigurationPropertyName$Elements::getLength (46 bytes)
Event: 40.277 Thread 0x000001c1a8bc4000 nmethod 4234 0x000001c19a439c90 code [0x000001c19a439e20, 0x000001c19a439f78]
Event: 40.277 Thread 0x000001c1a8bc4000 4233       4       java.lang.invoke.MethodType::makeImpl (108 bytes)

GC Heap History (10 events):
Event: 3.542 GC heap before
{Heap before GC invocations=4 (full 0):
 garbage-first heap   total 131072K, used 25104K [0x0000000080000000, 0x0000000100000000)
  region size 1024K, 22 young (22528K), 2 survivors (2048K)
 Metaspace       used 20762K, capacity 21229K, committed 21248K, reserved 1069056K
  class space    used 2356K, capacity 2541K, committed 2560K, reserved 1048576K
}
Event: 3.553 GC heap after
{Heap after GC invocations=5 (full 0):
 garbage-first heap   total 157696K, used 7510K [0x0000000080000000, 0x0000000100000000)
  region size 1024K, 2 young (2048K), 2 survivors (2048K)
 Metaspace       used 20762K, capacity 21229K, committed 21248K, reserved 1069056K
  class space    used 2356K, capacity 2541K, committed 2560K, reserved 1048576K
}
Event: 4.378 GC heap before
{Heap before GC invocations=6 (full 0):
 garbage-first heap   total 157696K, used 36182K [0x0000000080000000, 0x0000000100000000)
  region size 1024K, 31 young (31744K), 2 survivors (2048K)
 Metaspace       used 24473K, capacity 25057K, committed 25212K, reserved 1071104K
  class space    used 2899K, capacity 3159K, committed 3200K, reserved 1048576K
}
Event: 4.388 GC heap after
{Heap after GC invocations=7 (full 0):
 garbage-first heap   total 157696K, used 9084K [0x0000000080000000, 0x0000000100000000)
  region size 1024K, 4 young (4096K), 4 survivors (4096K)
 Metaspace       used 24473K, capacity 25057K, committed 25212K, reserved 1071104K
  class space    used 2899K, capacity 3159K, committed 3200K, reserved 1048576K
}
Event: 5.727 GC heap before
{Heap before GC invocations=7 (full 0):
 garbage-first heap   total 157696K, used 52092K [0x0000000080000000, 0x0000000100000000)
  region size 1024K, 46 young (47104K), 4 survivors (4096K)
 Metaspace       used 31226K, capacity 31972K, committed 32124K, reserved 1077248K
  class space    used 3645K, capacity 3944K, committed 3968K, reserved 1048576K
}
Event: 5.742 GC heap after
{Heap after GC invocations=8 (full 0):
 garbage-first heap   total 157696K, used 11471K [0x0000000080000000, 0x0000000100000000)
  region size 1024K, 5 young (5120K), 5 survivors (5120K)
 Metaspace       used 31226K, capacity 31972K, committed 32124K, reserved 1077248K
  class space    used 3645K, capacity 3944K, committed 3968K, reserved 1048576K
}
Event: 6.812 GC heap before
{Heap before GC invocations=8 (full 0):
 garbage-first heap   total 157696K, used 35023K [0x0000000080000000, 0x0000000100000000)
  region size 1024K, 29 young (29696K), 5 survivors (5120K)
 Metaspace       used 35123K, capacity 35939K, committed 36048K, reserved 1081344K
  class space    used 4195K, capacity 4561K, committed 4608K, reserved 1048576K
}
Event: 6.828 GC heap after
{Heap after GC invocations=9 (full 0):
 garbage-first heap   total 157696K, used 13288K [0x0000000080000000, 0x0000000100000000)
  region size 1024K, 6 young (6144K), 6 survivors (6144K)
 Metaspace       used 35123K, capacity 35939K, committed 36048K, reserved 1081344K
  class space    used 4195K, capacity 4561K, committed 4608K, reserved 1048576K
}
Event: 39.933 GC heap before
{Heap before GC invocations=10 (full 0):
 garbage-first heap   total 157696K, used 83944K [0x0000000080000000, 0x0000000100000000)
  region size 1024K, 71 young (72704K), 6 survivors (6144K)
 Metaspace       used 42799K, capacity 43928K, committed 43984K, reserved 1087488K
  class space    used 5136K, capacity 5609K, committed 5632K, reserved 1048576K
}
Event: 39.963 GC heap after
{Heap after GC invocations=11 (full 0):
 garbage-first heap   total 189440K, used 17120K [0x0000000080000000, 0x0000000100000000)
  region size 1024K, 9 young (9216K), 9 survivors (9216K)
 Metaspace       used 42799K, capacity 43928K, committed 43984K, reserved 1087488K
  class space    used 5136K, capacity 5609K, committed 5632K, reserved 1048576K
}

Deoptimization events (10 events):
Event: 8.591 Thread 0x000001c1898ce000 Uncommon trap: reason=profile_predicate action=maybe_recompile pc=0x000001c19a3fcfbc method=java.util.AbstractCollection.toArray([Ljava/lang/Object;)[Ljava/lang/Object; @ 39 c2
Event: 8.797 Thread 0x000001c1898ce000 Uncommon trap: reason=class_check action=maybe_recompile pc=0x000001c19a30aff0 method=java.util.concurrent.ConcurrentHashMap.putVal(Ljava/lang/Object;Ljava/lang/Object;Z)Ljava/lang/Object; @ 242 c2
Event: 8.797 Thread 0x000001c1898ce000 Uncommon trap: reason=unstable_if action=reinterpret pc=0x000001c19a31dd90 method=java.util.concurrent.ConcurrentHashMap.get(Ljava/lang/Object;)Ljava/lang/Object; @ 152 c2
Event: 8.891 Thread 0x000001c1898ce000 Uncommon trap: reason=null_check action=make_not_entrant pc=0x000001c19a400768 method=java.lang.Class.isAnnotation()Z @ 1 c2
Event: 9.248 Thread 0x000001c1898ce000 Uncommon trap: reason=unstable_if action=reinterpret pc=0x000001c19a2dc2dc method=org.springframework.util.ConcurrentReferenceHashMap$Segment.clear()V @ 7 c2
Event: 40.089 Thread 0x000001c1ad917800 Uncommon trap: reason=class_check action=maybe_recompile pc=0x000001c19a42eb30 method=java.lang.reflect.Executable.getAnnotation(Ljava/lang/Class;)Ljava/lang/annotation/Annotation; @ 19 c2
Event: 40.089 Thread 0x000001c1ad917800 Uncommon trap: reason=class_check action=maybe_recompile pc=0x000001c19a42eb30 method=java.lang.reflect.Executable.getAnnotation(Ljava/lang/Class;)Ljava/lang/annotation/Annotation; @ 19 c2
Event: 40.093 Thread 0x000001c1ad917800 Uncommon trap: reason=class_check action=maybe_recompile pc=0x000001c19a42eb30 method=java.lang.reflect.Executable.getAnnotation(Ljava/lang/Class;)Ljava/lang/annotation/Annotation; @ 19 c2
Event: 40.093 Thread 0x000001c1ad917800 Uncommon trap: reason=class_check action=maybe_recompile pc=0x000001c19a42eb30 method=java.lang.reflect.Executable.getAnnotation(Ljava/lang/Class;)Ljava/lang/annotation/Annotation; @ 19 c2
Event: 40.144 Thread 0x000001c1ad917800 Uncommon trap: reason=unstable_if action=reinterpret pc=0x000001c19a3cdf88 method=java.net.URLStreamHandler.parseURL(Ljava/net/URL;Ljava/lang/String;II)V @ 155 c2

Classes redefined (0 events):
No events

Internal exceptions (10 events):
Event: 8.985 Thread 0x000001c1898ce000 Exception <a 'java/lang/ClassNotFoundException'{0x00000000858ee470}: org/aopalliance/intercept/InterceptorCustomizer> (0x00000000858ee470) thrown at [./open/src/hotspot/share/classfile/systemDictionary.cpp, line 226]
Event: 8.985 Thread 0x000001c1898ce000 Exception <a 'java/lang/ClassNotFoundException'{0x00000000858f8c70}: org/aopalliance/aop/AdviceCustomizer> (0x00000000858f8c70) thrown at [./open/src/hotspot/share/classfile/systemDictionary.cpp, line 226]
Event: 8.986 Thread 0x000001c1898ce000 Exception <a 'java/lang/ClassNotFoundException'{0x0000000085705948}: org/springframework/beans/factory/FactoryBeanCustomizer> (0x0000000085705948) thrown at [./open/src/hotspot/share/classfile/systemDictionary.cpp, line 226]
Event: 8.989 Thread 0x000001c1898ce000 Exception <a 'java/lang/ClassNotFoundException'{0x00000000857167f8}: org/springframework/beans/factory/BeanFactoryAwareCustomizer> (0x00000000857167f8) thrown at [./open/src/hotspot/share/classfile/systemDictionary.cpp, line 226]
Event: 8.989 Thread 0x000001c1898ce000 Exception <a 'java/lang/ClassNotFoundException'{0x00000000857235b0}: org/springframework/beans/factory/AwareCustomizer> (0x00000000857235b0) thrown at [./open/src/hotspot/share/classfile/systemDictionary.cpp, line 226]
Event: 8.990 Thread 0x000001c1898ce000 Exception <a 'java/lang/ClassNotFoundException'{0x0000000085730938}: org/springframework/aop/framework/AopInfrastructureBeanCustomizer> (0x0000000085730938) thrown at [./open/src/hotspot/share/classfile/systemDictionary.cpp, line 226]
Event: 9.079 Thread 0x000001c1898ce000 Exception <a 'java/lang/NoSuchMethodError'{0x0000000085550378}: java.lang.invoke.DirectMethodHandle$Holder.invokeSpecial(Ljava/lang/Object;Ljava/lang/Object;ILjava/lang/Object;ILjava/lang/Object;)Ljava/lang/Object;> (0x0000000085550378) thrown at [./open/
Event: 9.080 Thread 0x000001c1898ce000 Exception <a 'java/lang/NoSuchMethodError'{0x0000000085557858}: java.lang.invoke.DirectMethodHandle$Holder.invokeStatic(Ljava/lang/Object;Ljava/lang/Object;ILjava/lang/Object;I)Ljava/lang/Object;> (0x0000000085557858) thrown at [./open/src/hotspot/share/i
Event: 9.080 Thread 0x000001c1898ce000 Exception <a 'java/lang/NoSuchMethodError'{0x000000008555b030}: java.lang.invoke.DirectMethodHandle$Holder.invokeSpecial(Ljava/lang/Object;Ljava/lang/Object;Ljava/lang/Object;ILjava/lang/Object;I)Ljava/lang/Object;> (0x000000008555b030) thrown at [./open/
Event: 9.081 Thread 0x000001c1898ce000 Exception <a 'java/lang/NoSuchMethodError'{0x00000000855675b0}: java.lang.invoke.DirectMethodHandle$Holder.invokeVirtual(Ljava/lang/Object;Ljava/lang/Object;)V> (0x00000000855675b0) thrown at [./open/src/hotspot/share/interpreter/linkResolver.cpp, line 77

Events (10 events):
Event: 40.116 loading class org/apache/commons/logging/Log done
Event: 40.120 loading class org/springframework/boot/context/config/ConfigDataNotFoundActionEditor
Event: 40.120 loading class org/springframework/boot/context/config/ConfigDataNotFoundActionEditor done
Event: 40.121 loading class org/springframework/boot/convert/LenientObjectToEnumConverterFactory$LenientToEnumConverter
Event: 40.121 loading class org/springframework/boot/convert/LenientObjectToEnumConverterFactory$LenientToEnumConverter done
Event: 40.141 loading class org/springframework/boot/context/config/ConfigDataLocationEditor
Event: 40.141 loading class org/springframework/boot/context/config/ConfigDataLocationEditor done
Event: 40.144 Thread 0x000001c1ad917800 Uncommon trap: trap_request=0xffffff4d fr.pc=0x000001c19a3cdf88 relative=0x0000000000001de8
Event: 40.144 Thread 0x000001c1ad917800 DEOPT PACKING pc=0x000001c19a3cdf88 sp=0x0000008ddddfb4c0
Event: 40.144 Thread 0x000001c1ad917800 DEOPT UNPACKING pc=0x000001c1927983af sp=0x0000008ddddfb480 mode 2


Dynamic libraries:
0x00007ff745970000 - 0x00007ff74597f000 	C:\Program Files\Java\jdk-11.0.15\bin\java.exe
0x00007fffb52d0000 - 0x00007fffb54c8000 	C:\Windows\SYSTEM32\ntdll.dll
0x00007fffb4370000 - 0x00007fffb442d000 	C:\Windows\System32\KERNEL32.DLL
0x00007fffb2d80000 - 0x00007fffb304e000 	C:\Windows\System32\KERNELBASE.dll
0x00007fffb2c80000 - 0x00007fffb2d80000 	C:\Windows\System32\ucrtbase.dll
0x00007fff9de70000 - 0x00007fff9de85000 	C:\Program Files\Java\jdk-11.0.15\bin\VCRUNTIME140.dll
0x00007fff9de90000 - 0x00007fff9dea8000 	C:\Program Files\Java\jdk-11.0.15\bin\jli.dll
0x00007fffb48e0000 - 0x00007fffb498e000 	C:\Windows\System32\ADVAPI32.dll
0x00007fffb3ac0000 - 0x00007fffb3b5e000 	C:\Windows\System32\msvcrt.dll
0x00007fffb3330000 - 0x00007fffb33cc000 	C:\Windows\System32\sechost.dll
0x00007fffb45a0000 - 0x00007fffb46c5000 	C:\Windows\System32\RPCRT4.dll
0x00007fffb3500000 - 0x00007fffb36a0000 	C:\Windows\System32\USER32.dll
0x00007fffb29f0000 - 0x00007fffb2a12000 	C:\Windows\System32\win32u.dll
0x00007fffb3d60000 - 0x00007fffb3d8a000 	C:\Windows\System32\GDI32.dll
0x00007fff9d9d0000 - 0x00007fff9dc6a000 	C:\Windows\WinSxS\amd64_microsoft.windows.common-controls_6595b64144ccf1df_6.0.19041.1110_none_60b5254171f9507e\COMCTL32.dll
0x00007fffb3050000 - 0x00007fffb315b000 	C:\Windows\System32\gdi32full.dll
0x00007fffb3290000 - 0x00007fffb332d000 	C:\Windows\System32\msvcp_win.dll
0x00007fffaaec0000 - 0x00007fffaaeca000 	C:\Windows\SYSTEM32\VERSION.dll
0x00007fffb3d90000 - 0x00007fffb3dc0000 	C:\Windows\System32\IMM32.DLL
0x00007fff9ddd0000 - 0x00007fff9de6b000 	C:\Program Files\Java\jdk-11.0.15\bin\msvcp140.dll
0x00007fff9ceb0000 - 0x00007fff9d9c6000 	C:\Program Files\Java\jdk-11.0.15\bin\server\jvm.dll
0x00007fffb44a0000 - 0x00007fffb44a8000 	C:\Windows\System32\PSAPI.DLL
0x00007fff9ddc0000 - 0x00007fff9ddc9000 	C:\Windows\SYSTEM32\WSOCK32.dll
0x00007fffb5220000 - 0x00007fffb528b000 	C:\Windows\System32\WS2_32.dll
0x00007fff9e610000 - 0x00007fff9e637000 	C:\Windows\SYSTEM32\WINMM.dll
0x00007fffb08d0000 - 0x00007fffb08e2000 	C:\Windows\SYSTEM32\kernel.appcore.dll
0x00007fff9dd80000 - 0x00007fff9dd90000 	C:\Program Files\Java\jdk-11.0.15\bin\verify.dll
0x00007fffa29f0000 - 0x00007fffa2bd4000 	C:\Windows\SYSTEM32\DBGHELP.DLL
0x00007fffa3260000 - 0x00007fffa328c000 	C:\Windows\SYSTEM32\dbgcore.DLL
0x00007fffb2bf0000 - 0x00007fffb2c72000 	C:\Windows\System32\bcryptPrimitives.dll
0x00007fff9dd50000 - 0x00007fff9dd78000 	C:\Program Files\Java\jdk-11.0.15\bin\java.dll
0x00007fff9dd40000 - 0x00007fff9dd4a000 	C:\Program Files\Java\jdk-11.0.15\bin\jimage.dll
0x00007fff9b0a0000 - 0x00007fff9b0ae000 	C:\Program Files\Java\jdk-11.0.15\bin\instrument.dll
0x00007fff9dd20000 - 0x00007fff9dd36000 	C:\Program Files\Java\jdk-11.0.15\bin\zip.dll
0x00007fffb4990000 - 0x00007fffb50d4000 	C:\Windows\System32\SHELL32.dll
0x00007fffb0ad0000 - 0x00007fffb1264000 	C:\Windows\SYSTEM32\windows.storage.dll
0x00007fffb3750000 - 0x00007fffb3aa4000 	C:\Windows\System32\combase.dll
0x00007fffb22a0000 - 0x00007fffb22d0000 	C:\Windows\SYSTEM32\Wldp.dll
0x00007fffb36a0000 - 0x00007fffb374d000 	C:\Windows\System32\SHCORE.dll
0x00007fffb46d0000 - 0x00007fffb4725000 	C:\Windows\System32\shlwapi.dll
0x00007fffb2930000 - 0x00007fffb294f000 	C:\Windows\SYSTEM32\profapi.dll
0x00007fff9dda0000 - 0x00007fff9ddb9000 	C:\Program Files\Java\jdk-11.0.15\bin\net.dll
0x00007fffaa6f0000 - 0x00007fffaa7fa000 	C:\Windows\SYSTEM32\WINHTTP.dll
0x00007fffb2080000 - 0x00007fffb20ea000 	C:\Windows\system32\mswsock.dll
0x00007fff9ca20000 - 0x00007fff9ca32000 	C:\Program Files\Java\jdk-11.0.15\bin\nio.dll
0x00007fff9a590000 - 0x00007fff9a5aa000 	C:\Program Files\JetBrains\IntelliJ IDEA Community Edition 2022.2.1\bin\breakgen64.dll
0x00007fffb1d90000 - 0x00007fffb1dcb000 	C:\Windows\SYSTEM32\IPHLPAPI.DLL
0x00007fffb3ab0000 - 0x00007fffb3ab8000 	C:\Windows\System32\NSI.dll
0x00007fffab4c0000 - 0x00007fffab4d7000 	C:\Windows\SYSTEM32\dhcpcsvc6.DLL
0x00007fffab4a0000 - 0x00007fffab4bd000 	C:\Windows\SYSTEM32\dhcpcsvc.DLL
0x00007fffb1dd0000 - 0x00007fffb1e9a000 	C:\Windows\SYSTEM32\DNSAPI.dll
0x00007fffa9d20000 - 0x00007fffa9d2a000 	C:\Windows\System32\rasadhlp.dll
0x00007fffaa420000 - 0x00007fffaa4a0000 	C:\Windows\System32\fwpuclnt.dll
0x00007fffb3210000 - 0x00007fffb3237000 	C:\Windows\System32\bcrypt.dll
0x00007fff9b760000 - 0x00007fff9b769000 	C:\Program Files\Java\jdk-11.0.15\bin\management.dll
0x00007fff9b750000 - 0x00007fff9b75b000 	C:\Program Files\Java\jdk-11.0.15\bin\management_ext.dll
0x00007fff989e0000 - 0x00007fff989f7000 	C:\Windows\system32\napinsp.dll
0x00007fff989c0000 - 0x00007fff989db000 	C:\Windows\system32\pnrpnsp.dll
0x00007fff989a0000 - 0x00007fff989b5000 	C:\Windows\system32\wshbth.dll
0x00007fffae250000 - 0x00007fffae26d000 	C:\Windows\system32\NLAapi.dll
0x00007fff98980000 - 0x00007fff98992000 	C:\Windows\System32\winrnr.dll
0x00007fffb22e0000 - 0x00007fffb22f8000 	C:\Windows\SYSTEM32\CRYPTSP.dll
0x00007fffb1a20000 - 0x00007fffb1a54000 	C:\Windows\system32\rsaenh.dll
0x00007fffb28b0000 - 0x00007fffb28de000 	C:\Windows\SYSTEM32\USERENV.dll
0x00007fffb2210000 - 0x00007fffb221c000 	C:\Windows\SYSTEM32\CRYPTBASE.dll

dbghelp: loaded successfully - version: 4.0.5 - missing functions: none
symbol engine: initialized successfully - sym options: 0x614 - pdb path: .;C:\Program Files\Java\jdk-11.0.15\bin;C:\Windows\SYSTEM32;C:\Windows\WinSxS\amd64_microsoft.windows.common-controls_6595b64144ccf1df_6.0.19041.1110_none_60b5254171f9507e;C:\Program Files\Java\jdk-11.0.15\bin\server;C:\Program Files\JetBrains\IntelliJ IDEA Community Edition 2022.2.1\bin

VM Arguments:
jvm_args: -javaagent:C:\Program Files\JetBrains\IntelliJ IDEA Community Edition 2022.2.1\lib\idea_rt.jar=49895:C:\Program Files\JetBrains\IntelliJ IDEA Community Edition 2022.2.1\bin -Dfile.encoding=UTF-8 
java_command: com.training.example.ConfigServerApplication
java_class_path (initial): C:\Users\sfjbs\Downloads\spring-cloud-config-local-main\spring-cloud-config-local-main\spring-cloud-config-server\target\classes;C:\Users\sfjbs\.m2\repository\org\springframework\cloud\spring-cloud-config-server\3.1.1\spring-cloud-config-server-3.1.1.jar;C:\Users\sfjbs\.m2\repository\org\springframework\cloud\spring-cloud-config-client\3.1.1\spring-cloud-config-client-3.1.1.jar;C:\Users\sfjbs\.m2\repository\org\springframework\boot\spring-boot-autoconfigure\2.6.2\spring-boot-autoconfigure-2.6.2.jar;C:\Users\sfjbs\.m2\repository\org\springframework\boot\spring-boot\2.6.2\spring-boot-2.6.2.jar;C:\Users\sfjbs\.m2\repository\org\springframework\cloud\spring-cloud-commons\3.1.1\spring-cloud-commons-3.1.1.jar;C:\Users\sfjbs\.m2\repository\org\springframework\cloud\spring-cloud-context\3.1.1\spring-cloud-context-3.1.1.jar;C:\Users\sfjbs\.m2\repository\org\springframework\spring-web\5.3.14\spring-web-5.3.14.jar;C:\Users\sfjbs\.m2\repository\org\springframework\spring-beans\5.3.14\spring-beans-5.3.14.jar;C:\Users\sfjbs\.m2\repository\org\springframework\spring-core\5.3.14\spring-core-5.3.14.jar;C:\Users\sfjbs\.m2\repository\org\springframework\spring-jcl\5.3.14\spring-jcl-5.3.14.jar;C:\Users\sfjbs\.m2\repository\com\fasterxml\jackson\core\jackson-annotations\2.13.1\jackson-annotations-2.13.1.jar;C:\Users\sfjbs\.m2\repository\com\fasterxml\jackson\core\jackson-databind\2.13.1\jackson-databind-2.13.1.jar;C:\Users\sfjbs\.m2\repository\org\apache\httpcomponents\httpclient\4.5.13\httpclient-4.5.13.jar;C:\Users\sfjbs\.m2\repository\commons-codec\commons-codec\1.15\commons-codec-1.15.jar;C:\Users\sfjbs\.m2\repository\org\springframework\boot\spring-boot-starter-web\2.6.2\spring-boot-starter-web-2.6.2.jar;C:\Users\sfjbs\.m2\repository\org\springframework\boot\spring-boot-starter\2.6.2\spring-boot-starter-2.6.2.jar;C:\Users\sfjbs\.m2\repository\org\springframework\boot\spring-boot-starter-logging\2.6.2\spring-boot-starter-logging-2.6.2.jar;C:\Users\sfjbs\
Launcher Type: SUN_STANDARD

[Global flags]
     intx CICompilerCount                          = 2                                         {product} {ergonomic}
     uint ConcGCThreads                            = 1                                         {product} {ergonomic}
     uint G1ConcRefinementThreads                  = 2                                         {product} {ergonomic}
   size_t G1HeapRegionSize                         = 1048576                                   {product} {ergonomic}
    uintx GCDrainStackTargetSize                   = 64                                        {product} {ergonomic}
   size_t InitialHeapSize                          = 134217728                                 {product} {ergonomic}
   size_t MarkStackSize                            = 4194304                                   {product} {ergonomic}
   size_t MaxHeapSize                              = 2147483648                                {product} {ergonomic}
   size_t MaxNewSize                               = 1287651328                                {product} {ergonomic}
   size_t MinHeapDeltaBytes                        = 1048576                                   {product} {ergonomic}
    uintx NonNMethodCodeHeapSize                   = 5825164                                {pd product} {ergonomic}
    uintx NonProfiledCodeHeapSize                  = 122916538                              {pd product} {ergonomic}
    uintx ProfiledCodeHeapSize                     = 122916538                              {pd product} {ergonomic}
    uintx ReservedCodeCacheSize                    = 251658240                              {pd product} {ergonomic}
     bool SegmentedCodeCache                       = true                                      {product} {ergonomic}
     bool UseCompressedClassPointers               = true                                 {lp64_product} {ergonomic}
     bool UseCompressedOops                        = true                                 {lp64_product} {ergonomic}
     bool UseG1GC                                  = true                                      {product} {ergonomic}
     bool UseLargePagesIndividualAllocation        = false                                  {pd product} {ergonomic}

Logging:
Log output configuration:
 #0: stdout all=warning uptime,level,tags
 #1: stderr all=off uptime,level,tags

Environment Variables:
PATH=C:\Program Files\Common Files\Oracle\Java\javapath;C:\Windows\system32;C:\Windows;C:\Windows\System32\Wbem;C:\Windows\System32\WindowsPowerShell\v1.0\;C:\Windows\System32\OpenSSH\;C:\Program Files\PuTTY\;C:\Program Files\Git\cmd;C:\Program Files\Docker\Docker\resources\bin;C:\ProgramData\DockerDesktop\version-bin;C:\Users\sfjbs\Downloads\apache-maven-3.8.6-bin\apache-maven-3.8.6\bin;C:\Users\sfjbs\Downloads\apache-maven-3.8.6-bin\apache-maven-3.8.6\lib;C:\Users\sfjbs\AppData\Local\Microsoft\WindowsApps;C:\Program Files\JetBrains\IntelliJ IDEA Community Edition 2022.2.1\bin;;C:\Users\sfjbs\Downloads\apache-maven-3.8.6-bin\apache-maven-3.8.6\bin;C:\Users\sfjbs\Downloads\apache-maven-3.8.6-bin\apache-maven-3.8.6\lib;
USERNAME=sfjbs
OS=Windows_NT
PROCESSOR_IDENTIFIER=Intel64 Family 6 Model 85 Stepping 7, GenuineIntel



---------------  S Y S T E M  ---------------

OS: Windows 10 , 64 bit Build 19041 (10.0.19041.1889)
Hyper-V role detected

CPU:total 2 (initial active 2) (1 cores per cpu, 2 threads per core) family 6 model 85 stepping 7 microcode 0xffffffff, cmov, cx8, fxsr, mmx, sse, sse2, sse3, ssse3, sse4.1, sse4.2, popcnt, avx, avx2, aes, clmul, erms, rtm, 3dnowpref, lzcnt, ht, tsc, bmi1, bmi2, adx, evex, fma

Memory: 4k page, system-wide physical 8190M (584M free)
TotalPageFile size 10238M (AvailPageFile size 5M)
current process WorkingSet (physical memory assigned to process): 216M, peak: 219M
current process commit charge ("private bytes"): 336M, peak: 338M

vm_info: Java HotSpot(TM) 64-Bit Server VM (11.0.15+8-LTS-149) for windows-amd64 JRE (11.0.15+8-LTS-149), built on Mar  9 2022 22:42:32 by "mach5one" with MS VC++ 15.9 (VS2017)

END.
